Drill report for C:\Users\AMOSA\Desktop\STm32f405xx board\STm32f405xx board.kicad_pcb
Created on 27/10/2020 13:41:14

Copper Layer Stackup:
    =============================================================
    L1 :  F.Cu                      front
    L2 :  In1.Cu                    in1
    L3 :  In2.Cu                    in2
    L4 :  B.Cu                      back


Drill file 'STm32f405xx board-PTH.drl' contains
    plated through holes:
    =============================================================
    T1  0.40mm  0.016"  (43 holes)
    T2  0.50mm  0.020"  (32 holes)
    T3  0.80mm  0.031"  (31 holes)
    T4  1.00mm  0.039"  (12 holes)
    T5  3.00mm  0.118"  (4 holes)

    Total plated holes count 122


Drill file 'STm32f405xx board-NPTH.drl' contains
    unplated through holes:
    =============================================================

    Total unplated holes count 0
